[100%] Built target python_module_PyKDL
[36mInstall the project...[0m
-- Install configuration: ""
-- Up-to-date: /home/sven/ialfd/sven_catkin_ws/devel/lib/python2.7/dist-packages/PyKDL.so
-- Up-to-date: /home/sven/ialfd/sven_catkin_ws/devel/share/python_orocos_kdl/package.xml
-- Up-to-date: /home/sven/ialfd/sven_catkin_ws/devel/_setup_util.py
-- Up-to-date: /home/sven/ialfd/sven_catkin_ws/devel/env.sh
-- Up-to-date: /home/sven/ialfd/sven_catkin_ws/devel/setup.bash
-- Up-to-date: /home/sven/ialfd/sven_catkin_ws/devel/local_setup.bash
-- Up-to-date: /home/sven/ialfd/sven_catkin_ws/devel/setup.sh
-- Up-to-date: /home/sven/ialfd/sven_catkin_ws/devel/local_setup.sh
-- Up-to-date: /home/sven/ialfd/sven_catkin_ws/devel/setup.zsh
-- Up-to-date: /home/sven/ialfd/sven_catkin_ws/devel/local_setup.zsh
-- Up-to-date: /home/sven/ialfd/sven_catkin_ws/devel/.rosinstall
-- Up-to-date: /home/sven/ialfd/sven_catkin_ws/devel/etc/catkin/profile.d/python_orocos_kdl_site_packages.bash
-- Up-to-date: /home/sven/ialfd/sven_catkin_ws/devel/share/python_orocos_kdl/catkin_env_hook/python_orocos_kdl_site_packages.bash
-- Up-to-date: /home/sven/ialfd/sven_catkin_ws/devel/etc/catkin/profile.d/python_orocos_kdl_site_packages.tcsh
-- Up-to-date: /home/sven/ialfd/sven_catkin_ws/devel/share/python_orocos_kdl/catkin_env_hook/python_orocos_kdl_site_packages.tcsh
-- Up-to-date: /home/sven/ialfd/sven_catkin_ws/devel/etc/catkin/profile.d/python_orocos_kdl_site_packages.zsh
-- Up-to-date: /home/sven/ialfd/sven_catkin_ws/devel/share/python_orocos_kdl/catkin_env_hook/python_orocos_kdl_site_packages.zsh
