[  0%] Built target tf2_msgs_generate_messages_nodejs
[  0%] Built target control_msgs_generate_messages_lisp
[  0%] Built target actionlib_msgs_generate_messages_lisp
[  0%] Built target geometry_msgs_generate_messages_lisp
[  0%] Built target geometry_msgs_generate_messages_py
[  0%] Built target dynamic_reconfigure_generate_messages_py
[  0%] Built target _franka_example_controllers_generate_messages_check_deps_JointTorqueComparison
[  0%] Built target dynamic_reconfigure_generate_messages_lisp
[  0%] Built target dynamic_reconfigure_generate_messages_eus
[  0%] Built target rosgraph_msgs_generate_messages_cpp
[  0%] Built target std_msgs_generate_messages_nodejs
[  0%] Built target std_msgs_generate_messages_cpp
[  0%] Built target franka_gripper_generate_messages_eus
[  0%] Built target actionlib_msgs_generate_messages_py
[  0%] Built target actionlib_msgs_generate_messages_nodejs
[  3%] Built target franka_example_controllers_generate_messages_lisp
[  3%] Built target actionlib_generate_messages_cpp
[  3%] Built target sensor_msgs_generate_messages_nodejs
[  3%] Built target control_msgs_generate_messages_cpp
[  3%] Built target geometry_msgs_generate_messages_nodejs
[  3%] Built target roscpp_generate_messages_lisp
[  3%] Built target std_msgs_generate_messages_lisp
[  3%] Built target roscpp_generate_messages_nodejs
[  3%] Built target geometry_msgs_generate_messages_eus
[  3%] Built target std_msgs_generate_messages_py
[  3%] Built target roscpp_generate_messages_py
[  3%] Built target trajectory_msgs_generate_messages_eus
[  3%] Built target dynamic_reconfigure_generate_messages_nodejs
[  3%] Built target rosgraph_msgs_generate_messages_eus
[  3%] Built target rosgraph_msgs_generate_messages_lisp
[  3%] Built target std_msgs_generate_messages_eus
[  3%] Built target trajectory_msgs_generate_messages_py
[  3%] Built target actionlib_msgs_generate_messages_eus
[  3%] Built target roscpp_generate_messages_eus
[  3%] Built target rosgraph_msgs_generate_messages_py
[ 22%] Built target franka_example_controllers_gencfg
[ 22%] Built target control_msgs_generate_messages_py
[ 22%] Built target rosgraph_msgs_generate_messages_nodejs
[ 22%] Built target actionlib_generate_messages_eus
[ 22%] Built target geometry_msgs_generate_messages_cpp
[ 22%] Built target actionlib_generate_messages_lisp
[ 22%] Built target franka_msgs_generate_messages_eus
[ 22%] Built target franka_msgs_generate_messages_lisp
[ 22%] Built target sensor_msgs_generate_messages_lisp
[ 22%] Built target franka_gripper_generate_messages_lisp
[ 22%] Built target franka_msgs_generate_messages_nodejs
[ 22%] Built target franka_gripper_generate_messages_nodejs
[ 22%] Built target sensor_msgs_generate_messages_py
[ 22%] Built target dynamic_reconfigure_generate_messages_cpp
[ 22%] Built target franka_gripper_generate_messages_cpp
[ 22%] Built target franka_msgs_generate_messages_py
[ 22%] Built target tf_generate_messages_py
[ 22%] Built target franka_gripper_generate_messages_py
[ 22%] Built target control_msgs_generate_messages_eus
[ 22%] Built target actionlib_generate_messages_nodejs
[ 22%] Built target tf_generate_messages_cpp
[ 22%] Built target roscpp_generate_messages_cpp
[ 22%] Built target trajectory_msgs_generate_messages_cpp
[ 22%] Built target control_msgs_generate_messages_nodejs
[ 22%] Built target trajectory_msgs_generate_messages_lisp
[ 29%] Built target franka_example_controllers_generate_messages_eus
[ 29%] Built target trajectory_msgs_generate_messages_nodejs
[ 29%] Built target sensor_msgs_generate_messages_cpp
[ 29%] Built target sensor_msgs_generate_messages_eus
[ 29%] Built target actionlib_msgs_generate_messages_cpp
[ 29%] Built target tf_generate_messages_eus
[ 29%] Built target tf_generate_messages_lisp
[ 29%] Built target tf_generate_messages_nodejs
[ 29%] Built target tf2_msgs_generate_messages_eus
[ 29%] Built target tf2_msgs_generate_messages_cpp
[ 29%] Built target dynamic_reconfigure_gencfg
[ 29%] Built target tf2_msgs_generate_messages_lisp
[ 29%] Built target actionlib_generate_messages_py
[ 29%] Built target tf2_msgs_generate_messages_py
[ 29%] Built target franka_msgs_generate_messages_cpp
[ 37%] Built target franka_example_controllers_generate_messages_py
[ 40%] Built target franka_example_controllers_generate_messages_nodejs
[ 44%] Built target franka_example_controllers_generate_messages_cpp
[ 44%] Built target franka_example_controllers_generate_messages
[ 44%] Built target franka_example_controllers_gencpp
[ 51%] Built target teleop_gripper_node
[100%] Built target franka_example_controllers
